app/build/intermediates/manifest_merge_blame_file/debug/manifest-merger-blame-debug-report.txt
1<?xml version="1.0" encoding="utf-8"?>
2<manifest xmlns:android="http://schemas.android.com/apk/res/android"
3    package="com.skytecksdk"
4    android:versionCode="1"
5    android:versionName="1.0" >
6
7    <uses-sdk
8        android:minSdkVersion="23"
8-->src/main/AndroidManifest.xml
9        android:targetSdkVersion="30" />
9-->src/main/AndroidManifest.xml
10
11    <uses-permission android:name="android.permission.INTERNET" />
11-->src/main/AndroidManifest.xml:5:5-66
11-->src/main/AndroidManifest.xml:5:22-64
12    <uses-permission android:name="android.permission.ACCESS_NETWORK_STATE" />
12-->[:skytech] AndroidManifest.xml:10:5-79
12-->[:skytech] AndroidManifest.xml:10:22-76
13    <uses-permission android:name="android.permission.WRITE_EXTERNAL_STORAGE" />
13-->[:skytech] AndroidManifest.xml:11:5-81
13-->[:skytech] AndroidManifest.xml:11:22-78
14    <uses-permission android:name="android.permission.READ_EXTERNAL_STORAGE" />
14-->[:skytech] AndroidManifest.xml:12:5-80
14-->[:skytech] AndroidManifest.xml:12:22-77
15
16    <queries>
16-->[:skytech] AndroidManifest.xml:14:5-16:15
17        <package android:name="com.android.chrome" />
17-->[:skytech] AndroidManifest.xml:15:9-54
17-->[:skytech] AndroidManifest.xml:15:18-51
18    </queries>
19
20    <application
20-->src/main/AndroidManifest.xml:7:5-23:19
21        android:allowBackup="true"
21-->src/main/AndroidManifest.xml:8:9-35
22        android:appComponentFactory="androidx.core.app.CoreComponentFactory"
22-->[androidx.core:core:1.6.0] AndroidManifest.xml:24:18-86
23        android:debuggable="true"
24        android:extractNativeLibs="false"
25        android:icon="@mipmap/ic_launcher"
25-->src/main/AndroidManifest.xml:9:9-43
26        android:label="@string/app_name"
26-->src/main/AndroidManifest.xml:10:9-41
27        android:roundIcon="@mipmap/ic_launcher_round"
27-->src/main/AndroidManifest.xml:11:9-54
28        android:supportsRtl="true"
28-->src/main/AndroidManifest.xml:12:9-35
29        android:testOnly="true"
30        android:theme="@style/Theme.SkyTeckSDK" >
30-->src/main/AndroidManifest.xml:13:9-48
31        <activity
31-->src/main/AndroidManifest.xml:14:9-22:20
32            android:name="com.skytecksdk.MainActivity"
32-->src/main/AndroidManifest.xml:15:13-41
33            android:exported="true" >
33-->src/main/AndroidManifest.xml:16:13-36
34            <intent-filter>
34-->src/main/AndroidManifest.xml:17:13-21:29
35                <action android:name="android.intent.action.MAIN" />
35-->src/main/AndroidManifest.xml:18:17-69
35-->src/main/AndroidManifest.xml:18:25-66
36
37                <category android:name="android.intent.category.LAUNCHER" />
37-->src/main/AndroidManifest.xml:20:17-77
37-->src/main/AndroidManifest.xml:20:27-74
38            </intent-filter>
39        </activity>
40        <activity
40-->[:skytech] AndroidManifest.xml:19:9-22:46
41            android:name="com.skytech.SkyTechActivity"
41-->[:skytech] AndroidManifest.xml:20:13-55
42            android:exported="false"
42-->[:skytech] AndroidManifest.xml:21:13-37
43            android:launchMode="singleTop" />
43-->[:skytech] AndroidManifest.xml:22:13-43
44        <activity
44-->[com.karumi:dexter:6.2.2] AndroidManifest.xml:27:9-29:72
45            android:name="com.karumi.dexter.DexterActivity"
45-->[com.karumi:dexter:6.2.2] AndroidManifest.xml:28:13-60
46            android:theme="@style/Dexter.Internal.Theme.Transparent" />
46-->[com.karumi:dexter:6.2.2] AndroidManifest.xml:29:13-69
47    </application>
48
49</manifest>